TN:
SF:src/App.tsx
FN:11,App
FNF:1
FNH:0
FNDA:0,App
DA:12,0
LF:1
LH:0
BRF:0
BRH:0
end_of_record
TN:
SF:src/components/TitleBar.tsx
FN:4,TitleBar
FN:7,(anonymous_1)
FN:11,(anonymous_2)
FN:15,(anonymous_3)
FNF:4
FNH:4
FNDA:4,TitleBar
FNDA:1,(anonymous_1)
FNDA:1,(anonymous_2)
FNDA:1,(anonymous_3)
DA:5,4
DA:7,4
DA:8,1
DA:11,4
DA:12,1
DA:15,4
DA:16,1
DA:19,4
LF:8
LH:8
BRF:0
BRH:0
end_of_record
TN:
SF:src/components/layout/Sidebar.tsx
FN:9,(anonymous_0)
FN:33,(anonymous_1)
FN:40,(anonymous_2)
FN:60,(anonymous_3)
FNF:4
FNH:2
FNDA:8,(anonymous_0)
FNDA:32,(anonymous_1)
FNDA:0,(anonymous_2)
FNDA:0,(anonymous_3)
DA:9,1
DA:10,8
DA:17,8
DA:34,32
DA:35,32
DA:37,32
DA:40,0
DA:60,0
LF:8
LH:6
BRDA:42,0,0,8
BRDA:42,0,1,24
BRDA:47,1,0,32
BRDA:47,1,1,8
BRDA:48,2,0,8
BRDA:48,2,1,24
BRDA:62,3,0,0
BRDA:62,3,1,8
BRDA:67,4,0,0
BRDA:67,4,1,8
BRF:10
BRH:8
end_of_record
TN:
SF:src/components/ui/Button.tsx
FN:14,(anonymous_0)
FNF:1
FNH:1
FNDA:9,(anonymous_0)
DA:14,1
DA:25,9
DA:27,9
DA:34,9
DA:40,9
LF:5
LH:5
BRDA:17,0,0,9
BRDA:18,1,0,9
BRDA:19,2,0,9
BRDA:43,3,0,9
BRDA:43,3,1,8
BRDA:46,4,0,9
BRDA:46,4,1,1
BRDA:47,5,0,9
BRDA:47,5,1,8
BRDA:49,6,0,9
BRDA:49,6,1,8
BRF:11
BRH:11
end_of_record
TN:
SF:src/components/ui/Card.tsx
FN:10,(anonymous_0)
FNF:1
FNH:1
FNDA:5,(anonymous_0)
DA:10,1
DA:16,5
DA:18,5
DA:24,5
LF:4
LH:4
BRDA:12,0,0,5
BRDA:13,1,0,5
BRF:2
BRH:2
end_of_record
TN:
SF:src/components/ui/Input.tsx
FN:12,(anonymous_0)
FNF:1
FNH:1
FNDA:6,(anonymous_0)
DA:12,1
DA:20,6
DA:62,1
LF:3
LH:3
BRDA:22,0,0,6
BRDA:22,0,1,1
BRDA:28,1,0,6
BRDA:28,1,1,1
BRDA:40,2,0,1
BRDA:40,2,1,5
BRDA:41,3,0,1
BRDA:41,3,1,5
BRDA:42,4,0,1
BRDA:42,4,1,5
BRDA:47,5,0,6
BRDA:47,5,1,1
BRDA:53,6,0,6
BRDA:53,6,1,1
BRF:14
BRH:14
end_of_record
TN:
SF:src/layouts/AppLayout.tsx
FN:6,AppLayout
FN:12,(anonymous_1)
FN:16,(anonymous_2)
FN:23,(anonymous_3)
FN:32,(anonymous_4)
FNF:5
FNH:4
FNDA:8,AppLayout
FNDA:4,(anonymous_1)
FNDA:5,(anonymous_2)
FNDA:4,(anonymous_3)
FNDA:0,(anonymous_4)
DA:7,8
DA:8,8
DA:9,8
DA:10,8
DA:12,8
DA:13,4
DA:16,8
DA:17,5
DA:18,5
DA:19,5
DA:23,8
DA:24,4
DA:25,4
DA:26,0
DA:27,0
DA:28,0
DA:29,0
DA:32,8
DA:33,0
DA:34,0
DA:35,0
DA:36,0
DA:37,0
DA:40,8
LF:24
LH:15
BRDA:25,0,0,4
BRDA:25,0,1,0
BRDA:25,1,0,0
BRDA:25,1,1,0
BRDA:26,2,0,0
BRDA:26,2,1,0
BRDA:27,3,0,0
BRDA:27,3,1,0
BRDA:28,4,0,0
BRDA:28,4,1,0
BRDA:34,5,0,0
BRDA:34,5,1,0
BRDA:34,6,0,0
BRDA:34,6,1,0
BRDA:35,7,0,0
BRDA:35,7,1,0
BRF:16
BRH:1
end_of_record
TN:
SF:src/pages/Clean.tsx
FN:82,Clean
FN:107,(anonymous_1)
FN:112,setupListeners
FN:113,(anonymous_3)
FN:116,(anonymous_4)
FN:119,(anonymous_5)
FN:125,loadSettings
FN:145,(anonymous_7)
FN:152,(anonymous_8)
FN:171,(anonymous_9)
FN:182,(anonymous_10)
FN:205,(anonymous_11)
FN:207,(anonymous_12)
FN:228,(anonymous_13)
FN:252,(anonymous_14)
FN:276,(anonymous_15)
FN:291,(anonymous_16)
FN:299,(anonymous_17)
FN:302,(anonymous_18)
FN:325,(anonymous_19)
FN:371,(anonymous_20)
FN:381,(anonymous_21)
FN:391,(anonymous_22)
FN:416,(anonymous_23)
FN:464,(anonymous_24)
FN:478,(anonymous_25)
FN:596,(anonymous_26)
FN:599,(anonymous_27)
FN:600,(anonymous_28)
FN:613,(anonymous_29)
FN:622,(anonymous_30)
FN:635,(anonymous_31)
FN:748,(anonymous_32)
FN:757,(anonymous_33)
FN:768,(anonymous_34)
FNF:35
FNH:24
FNDA:33,Clean
FNDA:8,(anonymous_1)
FNDA:8,setupListeners
FNDA:0,(anonymous_3)
FNDA:0,(anonymous_4)
FNDA:0,(anonymous_5)
FNDA:8,loadSettings
FNDA:8,(anonymous_7)
FNDA:0,(anonymous_8)
FNDA:6,(anonymous_9)
FNDA:3,(anonymous_10)
FNDA:1,(anonymous_11)
FNDA:1,(anonymous_12)
FNDA:3,(anonymous_13)
FNDA:1,(anonymous_14)
FNDA:1,(anonymous_15)
FNDA:10,(anonymous_16)
FNDA:4,(anonymous_17)
FNDA:4,(anonymous_18)
FNDA:0,(anonymous_19)
FNDA:0,(anonymous_20)
FNDA:3,(anonymous_21)
FNDA:2,(anonymous_22)
FNDA:0,(anonymous_23)
FNDA:4,(anonymous_24)
FNDA:1,(anonymous_25)
FNDA:0,(anonymous_26)
FNDA:0,(anonymous_27)
FNDA:0,(anonymous_28)
FNDA:4,(anonymous_29)
FNDA:8,(anonymous_30)
FNDA:1,(anonymous_31)
FNDA:1,(anonymous_32)
FNDA:2,(anonymous_33)
FNDA:0,(anonymous_34)
DA:83,33
DA:84,33
DA:85,33
DA:86,33
DA:89,33
DA:90,33
DA:91,33
DA:94,33
DA:95,33
DA:98,33
DA:101,33
DA:104,33
DA:107,33
DA:113,8
DA:114,0
DA:116,8
DA:117,0
DA:119,8
DA:120,0
DA:123,8
DA:126,8
DA:127,8
DA:128,8
DA:129,8
DA:130,0
DA:133,8
DA:134,8
DA:135,8
DA:137,0
DA:140,0
DA:143,8
DA:145,8
DA:146,8
DA:147,8
DA:148,8
DA:152,33
DA:153,0
DA:155,0
DA:156,0
DA:157,0
DA:158,0
DA:160,0
DA:161,0
DA:162,0
DA:164,0
DA:167,0
DA:168,0
DA:171,33
DA:172,6
DA:177,6
DA:178,6
DA:182,33
DA:183,3
DA:184,3
DA:185,3
DA:186,3
DA:187,3
DA:188,3
DA:189,3
DA:190,3
DA:194,3
DA:195,3
DA:197,0
DA:198,0
DA:200,3
DA:201,3
DA:205,33
DA:206,1
DA:207,1
DA:210,1
DA:211,1
DA:212,1
DA:213,1
DA:219,0
DA:224,1
DA:225,1
DA:228,33
DA:229,3
DA:230,3
DA:231,3
DA:232,3
DA:233,3
DA:234,3
DA:235,3
DA:236,3
DA:241,3
DA:242,3
DA:244,0
DA:245,0
DA:247,3
DA:248,3
DA:252,33
DA:253,1
DA:254,1
DA:255,1
DA:256,1
DA:257,1
DA:258,1
DA:259,1
DA:260,1
DA:265,1
DA:266,1
DA:268,0
DA:269,0
DA:271,1
DA:272,1
DA:276,33
DA:277,1
DA:278,1
DA:280,1
DA:281,1
DA:282,1
DA:284,1
DA:285,1
DA:287,0
DA:291,33
DA:292,10
DA:293,9
DA:294,0
DA:295,0
DA:298,33
DA:299,4
DA:302,33
DA:304,33
DA:325,0
DA:371,0
DA:381,3
DA:391,2
DA:416,0
DA:465,4
DA:479,1
DA:480,1
DA:481,1
DA:483,0
DA:485,1
DA:598,0
DA:599,0
DA:600,0
DA:601,0
DA:604,0
DA:614,4
DA:623,8
DA:636,1
DA:637,1
DA:638,1
DA:640,0
DA:642,1
DA:749,1
DA:758,2
DA:770,0
DA:771,0
DA:772,0
LF:152
LH:112
BRDA:129,0,0,0
BRDA:129,0,1,8
BRDA:146,1,0,8
BRDA:146,1,1,0
BRDA:147,2,0,8
BRDA:147,2,1,0
BRDA:148,3,0,8
BRDA:148,3,1,0
BRDA:153,4,0,0
BRDA:153,4,1,0
BRDA:156,5,0,0
BRDA:156,5,1,0
BRDA:156,6,0,0
BRDA:156,6,1,0
BRDA:157,7,0,0
BRDA:157,7,1,0
BRDA:160,8,0,0
BRDA:160,8,1,0
BRDA:177,9,0,6
BRDA:177,9,1,0
BRDA:183,10,0,0
BRDA:183,10,1,3
BRDA:207,11,0,1
BRDA:207,11,1,1
BRDA:211,12,0,1
BRDA:211,12,1,0
BRDA:229,13,0,0
BRDA:229,13,1,3
BRDA:253,14,0,0
BRDA:253,14,1,1
BRDA:278,15,0,0
BRDA:278,15,1,1
BRDA:292,16,0,1
BRDA:292,16,1,9
BRDA:293,17,0,9
BRDA:293,17,1,0
BRDA:294,18,0,0
BRDA:294,18,1,0
BRDA:298,19,0,33
BRDA:298,19,1,0
BRDA:317,20,0,33
BRDA:317,20,1,0
BRDA:345,21,0,33
BRDA:345,21,1,13
BRDA:356,22,0,33
BRDA:356,22,1,15
BRDA:358,23,0,15
BRDA:358,23,1,0
BRDA:372,24,0,17
BRDA:372,24,1,16
BRDA:382,25,0,11
BRDA:382,25,1,22
BRDA:392,26,0,5
BRDA:392,26,1,28
BRDA:403,27,0,33
BRDA:403,27,1,17
BRDA:421,28,0,2
BRDA:421,28,1,15
BRDA:425,29,0,2
BRDA:425,29,1,0
BRDA:451,30,0,17
BRDA:451,30,1,4
BRDA:455,31,0,4
BRDA:455,31,1,4
BRDA:456,32,0,4
BRDA:456,32,1,4
BRDA:467,33,0,4
BRDA:467,33,1,0
BRDA:474,34,0,4
BRDA:474,34,1,4
BRDA:480,35,0,1
BRDA:480,35,1,0
BRDA:495,36,0,4
BRDA:495,36,1,0
BRDA:501,37,0,0
BRDA:501,37,1,4
BRDA:509,38,0,4
BRDA:509,38,1,4
BRDA:513,39,0,4
BRDA:513,39,1,4
BRDA:525,40,0,4
BRDA:525,40,1,1
BRDA:539,41,0,17
BRDA:539,41,1,13
BRDA:539,41,2,11
BRDA:549,42,0,33
BRDA:549,42,1,11
BRDA:557,43,0,2
BRDA:557,43,1,9
BRDA:561,44,0,2
BRDA:561,44,1,0
BRDA:577,45,0,9
BRDA:577,45,1,6
BRDA:586,46,0,11
BRDA:586,46,1,4
BRDA:625,47,0,4
BRDA:625,47,1,4
BRDA:631,48,0,8
BRDA:631,48,1,4
BRDA:637,49,0,1
BRDA:637,49,1,0
BRDA:647,50,0,8
BRDA:647,50,1,4
BRDA:660,51,0,8
BRDA:660,51,1,8
BRDA:670,52,0,4
BRDA:670,52,1,1
BRDA:684,53,0,11
BRDA:684,53,1,7
BRDA:684,53,2,5
BRDA:688,54,0,5
BRDA:688,54,1,3
BRDA:699,55,0,33
BRDA:699,55,1,5
BRDA:712,56,0,1
BRDA:712,56,1,4
BRDA:716,57,0,1
BRDA:716,57,1,0
BRDA:732,58,0,4
BRDA:732,58,1,2
BRDA:741,59,0,5
BRDA:741,59,1,1
BRDA:765,60,0,2
BRDA:765,60,1,0
BRDA:772,61,0,0
BRDA:772,61,1,0
BRDA:780,62,0,2
BRDA:780,62,1,1
BRDA:785,63,0,2
BRDA:785,63,1,1
BRDA:797,64,0,2
BRDA:797,64,1,2
BRDA:797,64,2,2
BRDA:809,65,0,5
BRDA:809,65,1,4
BRDA:809,65,2,3
BRF:136
BRH:99
end_of_record
TN:
SF:src/pages/Dashboard.tsx
FN:4,Dashboard
FNF:1
FNH:1
FNDA:3,Dashboard
DA:5,3
LF:1
LH:1
BRF:0
BRH:0
end_of_record
TN:
SF:src/pages/Ingest.tsx
FN:89,Ingest
FN:119,(anonymous_1)
FN:120,(anonymous_2)
FN:126,(anonymous_3)
FN:126,(anonymous_4)
FN:130,(anonymous_5)
FN:132,(anonymous_6)
FN:136,(anonymous_7)
FN:144,(anonymous_8)
FN:152,(anonymous_9)
FN:157,(anonymous_10)
FN:162,(anonymous_11)
FN:168,(anonymous_12)
FN:185,(anonymous_13)
FN:201,(anonymous_14)
FN:203,(anonymous_15)
FN:219,(anonymous_16)
FN:220,loadData
FN:238,(anonymous_18)
FN:248,(anonymous_19)
FN:269,(anonymous_20)
FN:294,(anonymous_21)
FN:295,(anonymous_22)
FN:304,(anonymous_23)
FN:332,(anonymous_24)
FN:333,(anonymous_25)
FN:334,(anonymous_26)
FN:342,(anonymous_27)
FN:353,(anonymous_28)
FN:368,(anonymous_29)
FN:369,(anonymous_30)
FN:374,(anonymous_31)
FN:375,(anonymous_32)
FN:377,(anonymous_33)
FN:381,(anonymous_34)
FN:391,(anonymous_35)
FN:392,(anonymous_36)
FN:394,(anonymous_37)
FN:400,(anonymous_38)
FN:401,(anonymous_39)
FN:403,(anonymous_40)
FN:407,(anonymous_41)
FN:416,(anonymous_42)
FN:417,(anonymous_43)
FN:419,(anonymous_44)
FN:425,(anonymous_45)
FN:441,(anonymous_46)
FN:454,(anonymous_47)
FN:491,(anonymous_48)
FN:519,(anonymous_49)
FN:526,(anonymous_50)
FN:533,(anonymous_51)
FN:568,(anonymous_52)
FN:599,(anonymous_53)
FN:614,(anonymous_54)
FN:617,(anonymous_55)
FN:630,(anonymous_56)
FN:635,(anonymous_57)
FN:654,(anonymous_58)
FN:661,(anonymous_59)
FN:662,(anonymous_60)
FN:666,(anonymous_61)
FN:683,(anonymous_62)
FN:690,(anonymous_63)
FN:691,(anonymous_64)
FN:695,(anonymous_65)
FN:715,(anonymous_66)
FN:738,(anonymous_67)
FN:745,(anonymous_68)
FN:888,(anonymous_69)
FNF:70
FNH:33
FNDA:63,Ingest
FNDA:18,(anonymous_1)
FNDA:0,(anonymous_2)
FNDA:18,(anonymous_3)
FNDA:18,(anonymous_4)
FNDA:30,(anonymous_5)
FNDA:0,(anonymous_6)
FNDA:0,(anonymous_7)
FNDA:1,(anonymous_8)
FNDA:30,(anonymous_9)
FNDA:26,(anonymous_10)
FNDA:26,(anonymous_11)
FNDA:8,(anonymous_12)
FNDA:1,(anonymous_13)
FNDA:1,(anonymous_14)
FNDA:1,(anonymous_15)
FNDA:18,(anonymous_16)
FNDA:18,loadData
FNDA:2,(anonymous_18)
FNDA:3,(anonymous_19)
FNDA:1,(anonymous_20)
FNDA:1,(anonymous_21)
FNDA:0,(anonymous_22)
FNDA:0,(anonymous_23)
FNDA:1,(anonymous_24)
FNDA:0,(anonymous_25)
FNDA:0,(anonymous_26)
FNDA:0,(anonymous_27)
FNDA:1,(anonymous_28)
FNDA:1,(anonymous_29)
FNDA:1,(anonymous_30)
FNDA:0,(anonymous_31)
FNDA:0,(anonymous_32)
FNDA:0,(anonymous_33)
FNDA:0,(anonymous_34)
FNDA:0,(anonymous_35)
FNDA:0,(anonymous_36)
FNDA:0,(anonymous_37)
FNDA:0,(anonymous_38)
FNDA:0,(anonymous_39)
FNDA:0,(anonymous_40)
FNDA:0,(anonymous_41)
FNDA:0,(anonymous_42)
FNDA:0,(anonymous_43)
FNDA:0,(anonymous_44)
FNDA:2,(anonymous_45)
FNDA:0,(anonymous_46)
FNDA:0,(anonymous_47)
FNDA:0,(anonymous_48)
FNDA:0,(anonymous_49)
FNDA:1,(anonymous_50)
FNDA:0,(anonymous_51)
FNDA:1,(anonymous_52)
FNDA:0,(anonymous_53)
FNDA:7,(anonymous_54)
FNDA:7,(anonymous_55)
FNDA:2,(anonymous_56)
FNDA:1,(anonymous_57)
FNDA:1,(anonymous_58)
FNDA:0,(anonymous_59)
FNDA:0,(anonymous_60)
FNDA:0,(anonymous_61)
FNDA:1,(anonymous_62)
FNDA:0,(anonymous_63)
FNDA:0,(anonymous_64)
FNDA:0,(anonymous_65)
FNDA:0,(anonymous_66)
FNDA:0,(anonymous_67)
FNDA:0,(anonymous_68)
FNDA:66,(anonymous_69)
DA:67,1
DA:90,63
DA:91,63
DA:92,63
DA:93,63
DA:96,63
DA:97,63
DA:98,63
DA:99,63
DA:102,63
DA:103,63
DA:104,63
DA:106,63
DA:107,63
DA:109,63
DA:110,63
DA:113,63
DA:114,63
DA:117,63
DA:119,63
DA:120,18
DA:121,0
DA:122,0
DA:123,0
DA:126,18
DA:130,63
DA:131,30
DA:132,6
DA:133,0
DA:134,0
DA:135,0
DA:136,0
DA:141,24
DA:142,1
DA:143,1
DA:144,1
DA:146,24
DA:147,6
DA:148,6
DA:152,30
DA:153,30
DA:157,63
DA:158,26
DA:159,26
DA:161,26
DA:162,26
DA:163,26
DA:168,63
DA:169,8
DA:170,8
DA:175,8
DA:176,8
DA:177,8
DA:178,8
DA:181,0
DA:185,63
DA:186,1
DA:187,1
DA:192,1
DA:193,1
DA:194,1
DA:197,0
DA:201,63
DA:202,1
DA:203,1
DA:204,1
DA:207,1
DA:208,1
DA:209,1
DA:211,0
DA:214,1
DA:215,1
DA:219,63
DA:221,18
DA:222,18
DA:223,18
DA:224,18
DA:225,17
DA:227,18
DA:228,18
DA:229,1
DA:232,0
DA:235,18
DA:238,63
DA:239,2
DA:240,2
DA:241,2
DA:242,2
DA:244,0
DA:248,63
DA:249,3
DA:250,3
DA:251,3
DA:252,3
DA:254,3
DA:255,3
DA:259,3
DA:260,3
DA:261,3
DA:263,0
DA:264,0
DA:265,0
DA:269,63
DA:270,1
DA:271,1
DA:272,1
DA:273,1
DA:275,1
DA:276,1
DA:277,1
DA:283,1
DA:284,1
DA:287,1
DA:288,1
DA:289,1
DA:290,1
DA:293,1
DA:294,1
DA:295,1
DA:296,0
DA:298,1
DA:304,1
DA:305,1
DA:308,1
DA:309,1
DA:313,1
DA:316,1
DA:317,1
DA:319,1
DA:321,1
DA:322,1
DA:325,0
DA:326,0
DA:327,0
DA:331,1
DA:332,1
DA:333,1
DA:334,0
DA:336,1
DA:342,1
DA:343,1
DA:345,1
DA:347,0
DA:348,0
DA:349,0
DA:353,63
DA:354,1
DA:355,1
DA:362,1
DA:363,1
DA:364,1
DA:365,1
DA:368,63
DA:369,1
DA:370,1
DA:371,1
DA:374,63
DA:375,0
DA:377,0
DA:380,0
DA:381,0
DA:382,0
DA:387,0
DA:388,0
DA:391,0
DA:392,0
DA:393,0
DA:394,0
DA:400,63
DA:401,0
DA:403,0
DA:406,0
DA:407,0
DA:408,0
DA:413,0
DA:414,0
DA:416,0
DA:417,0
DA:418,0
DA:419,0
DA:425,63
DA:426,2
DA:428,2
DA:429,2
DA:430,2
DA:431,2
DA:432,2
DA:434,2
DA:437,2
DA:438,0
DA:439,0
DA:440,0
DA:441,0
DA:442,0
DA:445,2
DA:446,2
DA:447,2
DA:448,2
DA:449,2
DA:450,2
DA:451,2
DA:452,2
DA:454,2
DA:460,2
DA:469,1
DA:470,1
DA:471,1
DA:472,1
DA:473,1
DA:474,1
DA:475,0
DA:479,0
DA:482,1
DA:483,1
DA:484,1
DA:488,0
DA:489,0
DA:490,0
DA:491,0
DA:496,63
DA:519,0
DA:526,1
DA:533,0
DA:568,1
DA:599,0
DA:614,7
DA:617,7
DA:631,2
DA:635,1
DA:655,1
DA:661,0
DA:662,0
DA:667,0
DA:684,1
DA:690,0
DA:691,0
DA:696,0
DA:715,0
DA:738,0
DA:745,0
DA:889,66
LF:241
LH:173
BRDA:121,0,0,0
BRDA:121,0,1,0
BRDA:131,1,0,6
BRDA:131,1,1,24
BRDA:133,2,0,0
BRDA:133,2,1,0
BRDA:141,3,0,1
BRDA:141,3,1,23
BRDA:146,4,0,6
BRDA:146,4,1,18
BRDA:153,5,0,6
BRDA:153,5,1,24
BRDA:161,6,0,26
BRDA:161,6,1,0
BRDA:175,7,0,8
BRDA:175,7,1,0
BRDA:192,8,0,1
BRDA:192,8,1,0
BRDA:224,9,0,17
BRDA:224,9,1,1
BRDA:228,10,0,1
BRDA:228,10,1,17
BRDA:249,11,0,0
BRDA:249,11,1,3
BRDA:249,12,0,3
BRDA:249,12,1,3
BRDA:270,13,0,0
BRDA:270,13,1,1
BRDA:289,14,0,1
BRDA:289,14,1,0
BRDA:290,15,0,1
BRDA:290,15,1,1
BRDA:301,16,0,1
BRDA:301,16,1,1
BRDA:316,17,0,1
BRDA:316,17,1,0
BRDA:316,18,0,1
BRDA:316,18,1,1
BRDA:319,19,0,0
BRDA:319,19,1,1
BRDA:321,20,0,1
BRDA:321,20,1,0
BRDA:322,21,0,1
BRDA:322,21,1,1
BRDA:326,22,0,0
BRDA:326,22,1,0
BRDA:327,23,0,0
BRDA:327,23,1,0
BRDA:339,24,0,1
BRDA:339,24,1,1
BRDA:354,25,0,0
BRDA:354,25,1,1
BRDA:380,26,0,0
BRDA:380,26,1,0
BRDA:382,27,0,0
BRDA:382,27,1,0
BRDA:393,28,0,0
BRDA:393,28,1,0
BRDA:394,29,0,0
BRDA:394,29,1,0
BRDA:394,30,0,0
BRDA:394,30,1,0
BRDA:403,31,0,0
BRDA:403,31,1,0
BRDA:406,32,0,0
BRDA:406,32,1,0
BRDA:408,33,0,0
BRDA:408,33,1,0
BRDA:409,34,0,0
BRDA:409,34,1,0
BRDA:418,35,0,0
BRDA:418,35,1,0
BRDA:419,36,0,0
BRDA:419,36,1,0
BRDA:419,37,0,0
BRDA:419,37,1,0
BRDA:426,38,0,0
BRDA:426,38,1,2
BRDA:426,39,0,2
BRDA:426,39,1,2
BRDA:437,40,0,0
BRDA:437,40,1,2
BRDA:437,41,0,2
BRDA:437,41,1,0
BRDA:446,42,0,2
BRDA:446,42,1,0
BRDA:452,43,0,2
BRDA:452,43,1,0
BRDA:457,44,0,0
BRDA:457,44,1,0
BRDA:474,45,0,0
BRDA:474,45,1,1
BRDA:482,46,0,1
BRDA:482,46,1,0
BRDA:489,47,0,0
BRDA:489,47,1,0
BRDA:520,48,0,62
BRDA:520,48,1,1
BRDA:527,49,0,1
BRDA:527,49,1,62
BRDA:534,50,0,0
BRDA:534,50,1,63
BRDA:541,51,0,40
BRDA:541,51,1,23
BRDA:545,52,0,39
BRDA:545,52,1,1
BRDA:549,53,0,39
BRDA:549,53,1,1
BRDA:552,54,0,39
BRDA:552,54,1,1
BRDA:574,55,0,63
BRDA:574,55,1,23
BRDA:581,56,0,1
BRDA:581,56,1,22
BRDA:584,57,0,23
BRDA:584,57,1,1
BRDA:590,58,0,0
BRDA:590,58,1,63
BRDA:605,59,0,63
BRDA:605,59,1,63
BRDA:617,60,0,7
BRDA:617,60,1,0
BRDA:628,61,0,63
BRDA:628,61,1,2
BRDA:648,62,0,63
BRDA:648,62,1,1
BRDA:661,63,0,1
BRDA:661,63,1,1
BRDA:662,64,0,0
BRDA:662,64,1,0
BRDA:677,65,0,63
BRDA:677,65,1,1
BRDA:690,66,0,1
BRDA:690,66,1,1
BRDA:691,67,0,0
BRDA:691,67,1,0
BRDA:716,68,0,6
BRDA:716,68,1,57
BRDA:725,69,0,63
BRDA:725,69,1,20
BRDA:739,70,0,63
BRDA:739,70,1,0
BRDA:746,71,0,0
BRDA:746,71,1,63
BRDA:753,72,0,63
BRDA:753,72,1,0
BRDA:761,73,0,63
BRDA:761,73,1,56
BRDA:761,73,2,16
BRDA:763,74,0,7
BRDA:763,74,1,56
BRDA:768,75,0,3
BRDA:768,75,1,60
BRDA:783,76,0,63
BRDA:783,76,1,56
BRDA:783,76,2,16
BRDA:785,77,0,7
BRDA:785,77,1,56
BRDA:790,78,0,3
BRDA:790,78,1,60
BRDA:790,79,0,63
BRDA:790,79,1,63
BRDA:790,79,2,63
BRDA:805,80,0,63
BRDA:805,80,1,4
BRDA:838,81,0,7
BRDA:838,81,1,56
BRDA:838,82,0,63
BRDA:838,82,1,62
BRDA:842,83,0,1
BRDA:842,83,1,62
BRDA:843,84,0,63
BRDA:843,84,1,1
BRDA:849,85,0,0
BRDA:849,85,1,63
BRDA:853,86,0,0
BRDA:853,86,1,63
BRDA:854,87,0,63
BRDA:854,87,1,0
BRDA:855,88,0,63
BRDA:855,88,1,0
BRDA:861,89,0,3
BRDA:861,89,1,60
BRDA:865,90,0,3
BRDA:865,90,1,60
BRDA:866,91,0,63
BRDA:866,91,1,3
BRDA:873,92,0,63
BRDA:873,92,1,7
BRDA:879,93,0,63
BRDA:879,93,1,57
BRDA:879,93,2,53
BRDA:879,93,3,17
BRDA:884,94,0,6
BRDA:884,94,1,11
BRDA:885,95,0,0
BRDA:885,95,1,17
BRF:197
BRH:129
end_of_record
TN:
SF:src/pages/Settings.tsx
FN:29,Settings
FN:52,(anonymous_1)
FN:57,(anonymous_2)
FN:68,(anonymous_3)
FN:81,(anonymous_4)
FN:88,(anonymous_5)
FN:89,(anonymous_6)
FN:91,(anonymous_7)
FN:115,(anonymous_8)
FN:123,(anonymous_9)
FN:130,(anonymous_10)
FN:131,(anonymous_11)
FN:134,(anonymous_12)
FN:150,(anonymous_13)
FN:161,(anonymous_14)
FN:212,(anonymous_15)
FN:223,(anonymous_16)
FN:267,(anonymous_17)
FN:306,(anonymous_18)
FN:345,(anonymous_19)
FN:420,(anonymous_20)
FN:452,(anonymous_21)
FN:466,(anonymous_22)
FN:521,(anonymous_23)
FN:524,(anonymous_24)
FN:547,(anonymous_25)
FN:572,(anonymous_26)
FN:575,(anonymous_27)
FN:598,(anonymous_28)
FN:623,(anonymous_29)
FN:626,(anonymous_30)
FN:649,(anonymous_31)
FN:675,(anonymous_32)
FNF:33
FNH:16
FNDA:74,Settings
FNDA:17,(anonymous_1)
FNDA:17,(anonymous_2)
FNDA:17,(anonymous_3)
FNDA:8,(anonymous_4)
FNDA:17,(anonymous_5)
FNDA:17,(anonymous_6)
FNDA:51,(anonymous_7)
FNDA:0,(anonymous_8)
FNDA:0,(anonymous_9)
FNDA:24,(anonymous_10)
FNDA:24,(anonymous_11)
FNDA:1,(anonymous_12)
FNDA:0,(anonymous_13)
FNDA:2,(anonymous_14)
FNDA:1,(anonymous_15)
FNDA:1,(anonymous_16)
FNDA:0,(anonymous_17)
FNDA:0,(anonymous_18)
FNDA:0,(anonymous_19)
FNDA:0,(anonymous_20)
FNDA:23,(anonymous_21)
FNDA:0,(anonymous_22)
FNDA:0,(anonymous_23)
FNDA:0,(anonymous_24)
FNDA:1,(anonymous_25)
FNDA:0,(anonymous_26)
FNDA:0,(anonymous_27)
FNDA:0,(anonymous_28)
FNDA:0,(anonymous_29)
FNDA:0,(anonymous_30)
FNDA:0,(anonymous_31)
FNDA:0,(anonymous_32)
DA:30,74
DA:31,74
DA:39,74
DA:48,74
DA:49,74
DA:50,74
DA:52,74
DA:53,17
DA:54,17
DA:57,74
DA:58,17
DA:60,17
DA:61,17
DA:62,17
DA:64,0
DA:68,74
DA:69,17
DA:70,17
DA:72,17
DA:73,17
DA:74,17
DA:75,102
DA:76,102
DA:77,96
DA:80,17
DA:81,16
DA:84,0
DA:88,74
DA:89,17
DA:91,17
DA:92,51
DA:93,51
DA:95,0
DA:96,0
DA:100,17
DA:101,17
DA:102,17
DA:104,17
DA:115,74
DA:116,0
DA:117,0
DA:122,0
DA:123,0
DA:126,0
DA:130,74
DA:131,24
DA:134,74
DA:135,1
DA:136,1
DA:137,0
DA:138,0
DA:141,1
DA:142,1
DA:143,1
DA:145,1
DA:146,6
DA:148,1
DA:149,1
DA:150,1
DA:152,0
DA:153,0
DA:155,1
DA:159,74
DA:161,74
DA:162,2
DA:163,0
DA:164,0
DA:167,2
DA:169,2
DA:170,2
DA:174,1
DA:176,1
DA:180,74
DA:212,1
DA:223,1
DA:267,0
DA:306,0
DA:345,0
DA:420,0
DA:452,23
DA:466,0
DA:521,0
DA:525,0
DA:526,0
DA:534,0
DA:535,0
DA:538,0
DA:547,1
DA:572,0
DA:576,0
DA:577,0
DA:585,0
DA:586,0
DA:589,0
DA:598,0
DA:623,0
DA:627,0
DA:628,0
DA:636,0
DA:637,0
DA:640,0
DA:649,0
DA:675,0
LF:103
LH:62
BRDA:70,0,0,0
BRDA:70,0,1,17
BRDA:76,1,0,96
BRDA:76,1,1,6
BRDA:76,2,0,102
BRDA:76,2,1,96
BRDA:80,3,0,16
BRDA:80,3,1,1
BRDA:122,4,0,0
BRDA:122,4,1,0
BRDA:136,5,0,0
BRDA:136,5,1,1
BRDA:162,6,0,0
BRDA:162,6,1,2
BRDA:162,7,0,2
BRDA:162,7,1,2
BRDA:214,8,0,73
BRDA:214,8,1,1
BRDA:225,9,0,1
BRDA:225,9,1,73
BRDA:252,10,0,34
BRDA:252,10,1,40
BRDA:278,11,0,34
BRDA:278,11,1,40
BRDA:280,12,0,40
BRDA:280,12,1,0
BRDA:284,13,0,0
BRDA:284,13,1,40
BRDA:317,14,0,34
BRDA:317,14,1,40
BRDA:319,15,0,40
BRDA:319,15,1,0
BRDA:323,16,0,0
BRDA:323,16,1,40
BRDA:338,17,0,0
BRDA:338,17,1,74
BRDA:339,18,0,0
BRDA:339,18,1,74
BRDA:353,19,0,0
BRDA:353,19,1,74
BRDA:360,20,0,34
BRDA:360,20,1,40
BRDA:362,21,0,40
BRDA:362,21,1,0
BRDA:366,22,0,0
BRDA:366,22,1,40
BRDA:367,23,0,0
BRDA:367,23,1,40
BRDA:377,24,0,74
BRDA:377,24,1,40
BRDA:377,24,2,34
BRDA:377,24,3,0
BRDA:385,25,0,0
BRDA:385,25,1,0
BRDA:386,26,0,0
BRDA:386,26,1,0
BRDA:480,27,0,2
BRDA:480,27,1,72
BRDA:483,28,0,74
BRDA:483,28,1,4
BRDA:483,28,2,2
BRDA:484,29,0,1
BRDA:484,29,1,1
BRDA:485,30,0,1
BRDA:485,30,1,1
BRDA:530,31,0,0
BRDA:530,31,1,0
BRDA:534,32,0,0
BRDA:534,32,1,0
BRDA:545,33,0,74
BRDA:545,33,1,1
BRDA:581,34,0,0
BRDA:581,34,1,0
BRDA:585,35,0,0
BRDA:585,35,1,0
BRDA:596,36,0,74
BRDA:596,36,1,0
BRDA:632,37,0,0
BRDA:632,37,1,0
BRDA:636,38,0,0
BRDA:636,38,1,0
BRDA:647,39,0,74
BRDA:647,39,1,0
BRDA:669,40,0,74
BRDA:669,40,1,1
BRDA:670,41,0,1
BRDA:670,41,1,0
BRDA:685,42,0,1
BRDA:685,42,1,73
BRF:89
BRH:54
end_of_record
TN:
SF:src/pages/Sync.tsx
FN:4,Sync
FN:87,(anonymous_1)
FNF:2
FNH:2
FNDA:4,Sync
FNDA:2,(anonymous_1)
DA:5,4
DA:7,4
DA:87,2
LF:3
LH:3
BRF:0
BRH:0
end_of_record
TN:
SF:src/store/uiStore.ts
FN:12,(anonymous_0)
FN:14,(anonymous_1)
FN:24,(anonymous_2)
FNF:3
FNH:3
FNDA:3,(anonymous_0)
FNDA:3,(anonymous_1)
FNDA:6,(anonymous_2)
DA:12,3
DA:15,3
DA:16,3
DA:17,3
DA:18,3
DA:19,3
DA:21,0
DA:25,6
DA:26,6
DA:27,6
DA:28,6
DA:29,1
DA:30,5
DA:31,5
DA:34,0
DA:36,0
DA:37,0
LF:17
LH:13
BRDA:28,0,0,1
BRDA:28,0,1,5
BRDA:30,1,0,5
BRDA:30,1,1,0
BRDA:36,2,0,0
BRDA:36,2,1,0
BRF:6
BRH:3
end_of_record
