TN:
SF:src/App.tsx
FN:10,App
FNF:1
FNH:0
FNDA:0,App
DA:11,0
LF:1
LH:0
BRF:0
BRH:0
end_of_record
TN:
SF:src/components/TitleBar.tsx
FN:4,TitleBar
FN:7,(anonymous_1)
FN:11,(anonymous_2)
FN:15,(anonymous_3)
FNF:4
FNH:4
FNDA:4,TitleBar
FNDA:1,(anonymous_1)
FNDA:1,(anonymous_2)
FNDA:1,(anonymous_3)
DA:5,4
DA:7,4
DA:8,1
DA:11,4
DA:12,1
DA:15,4
DA:16,1
DA:19,4
LF:8
LH:8
BRF:0
BRH:0
end_of_record
TN:
SF:src/components/layout/Sidebar.tsx
FN:9,(anonymous_0)
FN:18,(anonymous_1)
FN:25,(anonymous_2)
FN:31,(anonymous_3)
FN:32,(anonymous_4)
FN:53,(anonymous_5)
FN:60,(anonymous_6)
FN:80,(anonymous_7)
FNF:8
FNH:4
FNDA:4,(anonymous_0)
FNDA:4,(anonymous_1)
FNDA:4,(anonymous_2)
FNDA:0,(anonymous_3)
FNDA:0,(anonymous_4)
FNDA:20,(anonymous_5)
FNDA:0,(anonymous_6)
FNDA:0,(anonymous_7)
DA:9,1
DA:10,4
DA:18,4
DA:19,4
DA:20,4
DA:22,0
DA:25,4
DA:26,4
DA:27,4
DA:28,4
DA:31,4
DA:32,0
DA:35,4
DA:54,20
DA:55,20
DA:57,20
DA:60,0
DA:80,0
LF:18
LH:14
BRDA:19,0,0,4
BRDA:19,0,1,0
BRDA:19,1,0,4
BRDA:19,1,1,4
BRDA:32,2,0,0
BRDA:32,2,1,0
BRDA:62,3,0,4
BRDA:62,3,1,16
BRDA:67,4,0,20
BRDA:67,4,1,4
BRDA:68,5,0,4
BRDA:68,5,1,16
BRDA:91,6,0,0
BRDA:91,6,1,4
BRDA:92,7,0,0
BRDA:92,7,1,4
BRF:16
BRH:11
end_of_record
TN:
SF:src/components/ui/Button.tsx
FN:14,(anonymous_0)
FNF:1
FNH:0
FNDA:0,(anonymous_0)
DA:14,0
DA:25,0
DA:27,0
DA:34,0
DA:40,0
LF:5
LH:0
BRDA:17,0,0,0
BRDA:18,1,0,0
BRDA:19,2,0,0
BRDA:43,3,0,0
BRDA:43,3,1,0
BRDA:46,4,0,0
BRDA:46,4,1,0
BRDA:47,5,0,0
BRDA:47,5,1,0
BRDA:49,6,0,0
BRDA:49,6,1,0
BRF:11
BRH:0
end_of_record
TN:
SF:src/components/ui/Card.tsx
FN:10,(anonymous_0)
FNF:1
FNH:0
FNDA:0,(anonymous_0)
DA:10,0
DA:16,0
DA:18,0
DA:24,0
LF:4
LH:0
BRDA:12,0,0,0
BRDA:13,1,0,0
BRF:2
BRH:0
end_of_record
TN:
SF:src/components/ui/Input.tsx
FN:12,(anonymous_0)
FNF:1
FNH:0
FNDA:0,(anonymous_0)
DA:12,0
DA:20,0
DA:62,0
LF:3
LH:0
BRDA:22,0,0,0
BRDA:22,0,1,0
BRDA:28,1,0,0
BRDA:28,1,1,0
BRDA:40,2,0,0
BRDA:40,2,1,0
BRDA:41,3,0,0
BRDA:41,3,1,0
BRDA:42,4,0,0
BRDA:42,4,1,0
BRDA:47,5,0,0
BRDA:47,5,1,0
BRDA:53,6,0,0
BRDA:53,6,1,0
BRF:14
BRH:0
end_of_record
TN:
SF:src/layouts/AppLayout.tsx
FN:5,AppLayout
FN:11,(anonymous_1)
FN:20,(anonymous_2)
FNF:3
FNH:2
FNDA:4,AppLayout
FNDA:4,(anonymous_1)
FNDA:0,(anonymous_2)
DA:6,4
DA:7,4
DA:8,4
DA:11,4
DA:12,4
DA:13,4
DA:14,0
DA:15,0
DA:16,0
DA:17,0
DA:20,4
DA:21,0
DA:22,0
DA:23,0
DA:24,0
DA:27,4
LF:16
LH:8
BRDA:13,0,0,4
BRDA:13,0,1,0
BRDA:13,1,0,0
BRDA:13,1,1,0
BRDA:14,2,0,0
BRDA:14,2,1,0
BRDA:15,3,0,0
BRDA:15,3,1,0
BRDA:16,4,0,0
BRDA:16,4,1,0
BRDA:22,5,0,0
BRDA:22,5,1,0
BRDA:22,6,0,0
BRDA:22,6,1,0
BRF:14
BRH:1
end_of_record
TN:
SF:src/pages/Clean.tsx
FN:82,Clean
FN:107,(anonymous_1)
FN:112,setupListeners
FN:113,(anonymous_3)
FN:116,(anonymous_4)
FN:119,(anonymous_5)
FN:125,loadSettings
FN:145,(anonymous_7)
FN:152,(anonymous_8)
FN:171,(anonymous_9)
FN:182,(anonymous_10)
FN:205,(anonymous_11)
FN:207,(anonymous_12)
FN:228,(anonymous_13)
FN:252,(anonymous_14)
FN:276,(anonymous_15)
FN:291,(anonymous_16)
FN:299,(anonymous_17)
FN:302,(anonymous_18)
FN:325,(anonymous_19)
FN:371,(anonymous_20)
FN:381,(anonymous_21)
FN:391,(anonymous_22)
FN:416,(anonymous_23)
FN:464,(anonymous_24)
FN:478,(anonymous_25)
FN:596,(anonymous_26)
FN:599,(anonymous_27)
FN:600,(anonymous_28)
FN:613,(anonymous_29)
FN:622,(anonymous_30)
FN:635,(anonymous_31)
FN:748,(anonymous_32)
FN:757,(anonymous_33)
FN:768,(anonymous_34)
FNF:35
FNH:16
FNDA:15,Clean
FNDA:5,(anonymous_1)
FNDA:5,setupListeners
FNDA:0,(anonymous_3)
FNDA:0,(anonymous_4)
FNDA:0,(anonymous_5)
FNDA:5,loadSettings
FNDA:5,(anonymous_7)
FNDA:0,(anonymous_8)
FNDA:3,(anonymous_9)
FNDA:1,(anonymous_10)
FNDA:0,(anonymous_11)
FNDA:0,(anonymous_12)
FNDA:1,(anonymous_13)
FNDA:0,(anonymous_14)
FNDA:0,(anonymous_15)
FNDA:2,(anonymous_16)
FNDA:1,(anonymous_17)
FNDA:1,(anonymous_18)
FNDA:0,(anonymous_19)
FNDA:0,(anonymous_20)
FNDA:2,(anonymous_21)
FNDA:1,(anonymous_22)
FNDA:0,(anonymous_23)
FNDA:1,(anonymous_24)
FNDA:0,(anonymous_25)
FNDA:0,(anonymous_26)
FNDA:0,(anonymous_27)
FNDA:0,(anonymous_28)
FNDA:1,(anonymous_29)
FNDA:2,(anonymous_30)
FNDA:0,(anonymous_31)
FNDA:0,(anonymous_32)
FNDA:0,(anonymous_33)
FNDA:0,(anonymous_34)
DA:83,15
DA:84,15
DA:85,15
DA:86,15
DA:89,15
DA:90,15
DA:91,15
DA:94,15
DA:95,15
DA:98,15
DA:101,15
DA:104,15
DA:107,15
DA:113,5
DA:114,0
DA:116,5
DA:117,0
DA:119,5
DA:120,0
DA:123,5
DA:126,5
DA:127,5
DA:128,5
DA:129,5
DA:130,0
DA:133,5
DA:134,5
DA:135,5
DA:137,0
DA:140,0
DA:143,5
DA:145,5
DA:146,5
DA:147,5
DA:148,5
DA:152,15
DA:153,0
DA:155,0
DA:156,0
DA:157,0
DA:158,0
DA:160,0
DA:161,0
DA:162,0
DA:164,0
DA:167,0
DA:168,0
DA:171,15
DA:172,3
DA:177,3
DA:178,3
DA:182,15
DA:183,1
DA:184,1
DA:185,1
DA:186,1
DA:187,1
DA:188,1
DA:189,1
DA:190,1
DA:194,1
DA:195,1
DA:197,0
DA:198,0
DA:200,1
DA:201,1
DA:205,15
DA:206,0
DA:207,0
DA:210,0
DA:211,0
DA:212,0
DA:213,0
DA:219,0
DA:224,0
DA:225,0
DA:228,15
DA:229,1
DA:230,1
DA:231,1
DA:232,1
DA:233,1
DA:234,1
DA:235,1
DA:236,1
DA:241,1
DA:242,1
DA:244,0
DA:245,0
DA:247,1
DA:248,1
DA:252,15
DA:253,0
DA:254,0
DA:255,0
DA:256,0
DA:257,0
DA:258,0
DA:259,0
DA:260,0
DA:265,0
DA:266,0
DA:268,0
DA:269,0
DA:271,0
DA:272,0
DA:276,15
DA:277,0
DA:278,0
DA:280,0
DA:281,0
DA:282,0
DA:284,0
DA:285,0
DA:287,0
DA:291,15
DA:292,2
DA:293,2
DA:294,0
DA:295,0
DA:298,15
DA:299,1
DA:302,15
DA:304,15
DA:325,0
DA:371,0
DA:381,2
DA:391,1
DA:416,0
DA:465,1
DA:479,0
DA:480,0
DA:481,0
DA:483,0
DA:485,0
DA:598,0
DA:599,0
DA:600,0
DA:601,0
DA:604,0
DA:614,1
DA:623,2
DA:636,0
DA:637,0
DA:638,0
DA:640,0
DA:642,0
DA:749,0
DA:758,0
DA:770,0
DA:771,0
DA:772,0
LF:152
LH:75
BRDA:129,0,0,0
BRDA:129,0,1,5
BRDA:146,1,0,5
BRDA:146,1,1,0
BRDA:147,2,0,5
BRDA:147,2,1,0
BRDA:148,3,0,5
BRDA:148,3,1,0
BRDA:153,4,0,0
BRDA:153,4,1,0
BRDA:156,5,0,0
BRDA:156,5,1,0
BRDA:156,6,0,0
BRDA:156,6,1,0
BRDA:157,7,0,0
BRDA:157,7,1,0
BRDA:160,8,0,0
BRDA:160,8,1,0
BRDA:177,9,0,3
BRDA:177,9,1,0
BRDA:183,10,0,0
BRDA:183,10,1,1
BRDA:207,11,0,0
BRDA:207,11,1,0
BRDA:211,12,0,0
BRDA:211,12,1,0
BRDA:229,13,0,0
BRDA:229,13,1,1
BRDA:253,14,0,0
BRDA:253,14,1,0
BRDA:278,15,0,0
BRDA:278,15,1,0
BRDA:292,16,0,0
BRDA:292,16,1,2
BRDA:293,17,0,2
BRDA:293,17,1,0
BRDA:294,18,0,0
BRDA:294,18,1,0
BRDA:298,19,0,15
BRDA:298,19,1,0
BRDA:317,20,0,15
BRDA:317,20,1,0
BRDA:345,21,0,15
BRDA:345,21,1,8
BRDA:356,22,0,15
BRDA:356,22,1,7
BRDA:358,23,0,7
BRDA:358,23,1,0
BRDA:372,24,0,9
BRDA:372,24,1,6
BRDA:382,25,0,5
BRDA:382,25,1,10
BRDA:392,26,0,1
BRDA:392,26,1,14
BRDA:403,27,0,15
BRDA:403,27,1,9
BRDA:421,28,0,1
BRDA:421,28,1,8
BRDA:425,29,0,1
BRDA:425,29,1,0
BRDA:451,30,0,9
BRDA:451,30,1,1
BRDA:455,31,0,1
BRDA:455,31,1,1
BRDA:456,32,0,1
BRDA:456,32,1,1
BRDA:467,33,0,1
BRDA:467,33,1,0
BRDA:474,34,0,1
BRDA:474,34,1,1
BRDA:480,35,0,0
BRDA:480,35,1,0
BRDA:495,36,0,1
BRDA:495,36,1,0
BRDA:501,37,0,0
BRDA:501,37,1,1
BRDA:509,38,0,1
BRDA:509,38,1,1
BRDA:513,39,0,1
BRDA:513,39,1,1
BRDA:525,40,0,1
BRDA:525,40,1,0
BRDA:539,41,0,9
BRDA:539,41,1,8
BRDA:539,41,2,7
BRDA:549,42,0,15
BRDA:549,42,1,5
BRDA:557,43,0,1
BRDA:557,43,1,4
BRDA:561,44,0,1
BRDA:561,44,1,0
BRDA:577,45,0,4
BRDA:577,45,1,2
BRDA:586,46,0,5
BRDA:586,46,1,1
BRDA:625,47,0,1
BRDA:625,47,1,1
BRDA:631,48,0,2
BRDA:631,48,1,1
BRDA:637,49,0,0
BRDA:637,49,1,0
BRDA:647,50,0,2
BRDA:647,50,1,1
BRDA:660,51,0,2
BRDA:660,51,1,2
BRDA:670,52,0,1
BRDA:670,52,1,0
BRDA:684,53,0,5
BRDA:684,53,1,4
BRDA:684,53,2,3
BRDA:688,54,0,3
BRDA:688,54,1,2
BRDA:699,55,0,15
BRDA:699,55,1,1
BRDA:712,56,0,0
BRDA:712,56,1,1
BRDA:716,57,0,0
BRDA:716,57,1,0
BRDA:732,58,0,1
BRDA:732,58,1,0
BRDA:741,59,0,1
BRDA:741,59,1,0
BRDA:765,60,0,0
BRDA:765,60,1,0
BRDA:772,61,0,0
BRDA:772,61,1,0
BRDA:780,62,0,0
BRDA:780,62,1,0
BRDA:785,63,0,0
BRDA:785,63,1,0
BRDA:797,64,0,0
BRDA:797,64,1,0
BRDA:797,64,2,0
BRDA:809,65,0,1
BRDA:809,65,1,1
BRDA:809,65,2,1
BRF:136
BRH:77
end_of_record
TN:
SF:src/pages/Dashboard.tsx
FN:5,Dashboard
FNF:1
FNH:1
FNDA:4,Dashboard
DA:6,4
LF:1
LH:1
BRF:0
BRH:0
end_of_record
TN:
SF:src/pages/Ingest.tsx
FN:81,Ingest
FN:112,(anonymous_1)
FN:114,(anonymous_2)
FN:118,(anonymous_3)
FN:126,(anonymous_4)
FN:134,(anonymous_5)
FN:139,(anonymous_6)
FN:144,(anonymous_7)
FN:150,(anonymous_8)
FN:167,(anonymous_9)
FN:183,(anonymous_10)
FN:185,(anonymous_11)
FN:201,(anonymous_12)
FN:202,loadData
FN:220,(anonymous_14)
FN:230,(anonymous_15)
FN:251,(anonymous_16)
FN:276,(anonymous_17)
FN:277,(anonymous_18)
FN:286,(anonymous_19)
FN:314,(anonymous_20)
FN:315,(anonymous_21)
FN:316,(anonymous_22)
FN:324,(anonymous_23)
FN:335,(anonymous_24)
FN:350,(anonymous_25)
FN:351,(anonymous_26)
FN:353,(anonymous_27)
FN:357,(anonymous_28)
FN:367,(anonymous_29)
FN:368,(anonymous_30)
FN:370,(anonymous_31)
FN:376,(anonymous_32)
FN:377,(anonymous_33)
FN:379,(anonymous_34)
FN:383,(anonymous_35)
FN:392,(anonymous_36)
FN:393,(anonymous_37)
FN:395,(anonymous_38)
FN:401,(anonymous_39)
FN:417,(anonymous_40)
FN:473,(anonymous_41)
FN:485,(anonymous_42)
FN:486,(anonymous_43)
FN:490,(anonymous_44)
FN:491,(anonymous_45)
FN:503,(anonymous_46)
FN:504,(anonymous_47)
FN:568,(anonymous_48)
FN:596,(anonymous_49)
FN:603,(anonymous_50)
FN:610,(anonymous_51)
FN:645,(anonymous_52)
FN:676,(anonymous_53)
FN:691,(anonymous_54)
FN:694,(anonymous_55)
FN:707,(anonymous_56)
FN:724,(anonymous_57)
FN:731,(anonymous_58)
FN:732,(anonymous_59)
FN:736,(anonymous_60)
FN:753,(anonymous_61)
FN:760,(anonymous_62)
FN:761,(anonymous_63)
FN:765,(anonymous_64)
FN:785,(anonymous_65)
FN:808,(anonymous_66)
FN:815,(anonymous_67)
FN:958,(anonymous_68)
FNF:69
FNH:13
FNDA:33,Ingest
FNDA:19,(anonymous_1)
FNDA:0,(anonymous_2)
FNDA:0,(anonymous_3)
FNDA:0,(anonymous_4)
FNDA:19,(anonymous_5)
FNDA:6,(anonymous_6)
FNDA:6,(anonymous_7)
FNDA:5,(anonymous_8)
FNDA:1,(anonymous_9)
FNDA:0,(anonymous_10)
FNDA:0,(anonymous_11)
FNDA:13,(anonymous_12)
FNDA:13,loadData
FNDA:0,(anonymous_14)
FNDA:3,(anonymous_15)
FNDA:0,(anonymous_16)
FNDA:0,(anonymous_17)
FNDA:0,(anonymous_18)
FNDA:0,(anonymous_19)
FNDA:0,(anonymous_20)
FNDA:0,(anonymous_21)
FNDA:0,(anonymous_22)
FNDA:0,(anonymous_23)
FNDA:0,(anonymous_24)
FNDA:0,(anonymous_25)
FNDA:0,(anonymous_26)
FNDA:0,(anonymous_27)
FNDA:0,(anonymous_28)
FNDA:0,(anonymous_29)
FNDA:0,(anonymous_30)
FNDA:0,(anonymous_31)
FNDA:0,(anonymous_32)
FNDA:0,(anonymous_33)
FNDA:0,(anonymous_34)
FNDA:0,(anonymous_35)
FNDA:0,(anonymous_36)
FNDA:0,(anonymous_37)
FNDA:0,(anonymous_38)
FNDA:0,(anonymous_39)
FNDA:0,(anonymous_40)
FNDA:0,(anonymous_41)
FNDA:0,(anonymous_42)
FNDA:0,(anonymous_43)
FNDA:0,(anonymous_44)
FNDA:0,(anonymous_45)
FNDA:0,(anonymous_46)
FNDA:0,(anonymous_47)
FNDA:0,(anonymous_48)
FNDA:0,(anonymous_49)
FNDA:1,(anonymous_50)
FNDA:0,(anonymous_51)
FNDA:1,(anonymous_52)
FNDA:0,(anonymous_53)
FNDA:0,(anonymous_54)
FNDA:0,(anonymous_55)
FNDA:0,(anonymous_56)
FNDA:0,(anonymous_57)
FNDA:0,(anonymous_58)
FNDA:0,(anonymous_59)
FNDA:0,(anonymous_60)
FNDA:0,(anonymous_61)
FNDA:0,(anonymous_62)
FNDA:0,(anonymous_63)
FNDA:0,(anonymous_64)
FNDA:0,(anonymous_65)
FNDA:0,(anonymous_66)
FNDA:0,(anonymous_67)
FNDA:15,(anonymous_68)
DA:59,1
DA:82,33
DA:83,33
DA:84,33
DA:85,33
DA:88,33
DA:89,33
DA:90,33
DA:91,33
DA:94,33
DA:95,33
DA:96,33
DA:98,33
DA:99,33
DA:101,33
DA:102,33
DA:105,33
DA:106,33
DA:109,33
DA:112,33
DA:113,19
DA:114,3
DA:115,0
DA:116,0
DA:117,0
DA:118,0
DA:123,16
DA:124,0
DA:125,0
DA:126,0
DA:128,16
DA:129,3
DA:130,3
DA:134,19
DA:135,19
DA:139,33
DA:140,6
DA:141,6
DA:143,6
DA:144,6
DA:145,6
DA:150,33
DA:151,5
DA:152,5
DA:157,5
DA:158,5
DA:159,5
DA:160,5
DA:163,0
DA:167,33
DA:168,1
DA:169,1
DA:174,1
DA:175,1
DA:176,1
DA:179,0
DA:183,33
DA:184,0
DA:185,0
DA:186,0
DA:189,0
DA:190,0
DA:191,0
DA:193,0
DA:196,0
DA:197,0
DA:201,33
DA:203,13
DA:204,13
DA:205,13
DA:206,13
DA:207,13
DA:209,13
DA:210,13
DA:211,0
DA:214,0
DA:217,13
DA:220,33
DA:221,0
DA:222,0
DA:223,0
DA:224,0
DA:226,0
DA:230,33
DA:231,3
DA:232,3
DA:233,3
DA:234,3
DA:236,3
DA:237,3
DA:241,3
DA:242,3
DA:243,3
DA:245,0
DA:246,0
DA:247,0
DA:251,33
DA:252,0
DA:253,0
DA:254,0
DA:255,0
DA:257,0
DA:258,0
DA:259,0
DA:265,0
DA:266,0
DA:269,0
DA:270,0
DA:271,0
DA:272,0
DA:275,0
DA:276,0
DA:277,0
DA:278,0
DA:280,0
DA:286,0
DA:287,0
DA:290,0
DA:291,0
DA:295,0
DA:298,0
DA:299,0
DA:301,0
DA:303,0
DA:304,0
DA:307,0
DA:308,0
DA:309,0
DA:313,0
DA:314,0
DA:315,0
DA:316,0
DA:318,0
DA:324,0
DA:325,0
DA:327,0
DA:329,0
DA:330,0
DA:331,0
DA:335,33
DA:336,0
DA:337,0
DA:344,0
DA:345,0
DA:346,0
DA:347,0
DA:350,33
DA:351,0
DA:353,0
DA:356,0
DA:357,0
DA:358,0
DA:363,0
DA:364,0
DA:367,0
DA:368,0
DA:369,0
DA:370,0
DA:376,33
DA:377,0
DA:379,0
DA:382,0
DA:383,0
DA:384,0
DA:389,0
DA:390,0
DA:392,0
DA:393,0
DA:394,0
DA:395,0
DA:401,33
DA:402,0
DA:404,0
DA:405,0
DA:406,0
DA:407,0
DA:408,0
DA:410,0
DA:413,0
DA:414,0
DA:415,0
DA:416,0
DA:417,0
DA:418,0
DA:421,0
DA:422,0
DA:426,0
DA:427,0
DA:428,0
DA:429,0
DA:430,0
DA:431,0
DA:433,0
DA:440,0
DA:441,0
DA:442,0
DA:443,0
DA:444,0
DA:445,0
DA:446,0
DA:450,0
DA:451,0
DA:452,0
DA:454,0
DA:455,0
DA:458,0
DA:459,0
DA:461,0
DA:462,0
DA:467,0
DA:468,0
DA:469,0
DA:472,0
DA:473,0
DA:475,0
DA:476,0
DA:477,0
DA:478,0
DA:479,0
DA:481,0
DA:482,0
DA:483,0
DA:484,0
DA:485,0
DA:486,0
DA:489,0
DA:490,0
DA:491,0
DA:500,0
DA:501,0
DA:502,0
DA:503,0
DA:504,0
DA:508,0
DA:509,0
DA:510,0
DA:514,0
DA:516,0
DA:520,0
DA:523,0
DA:524,0
DA:525,0
DA:526,0
DA:528,0
DA:535,0
DA:536,0
DA:537,0
DA:538,0
DA:539,0
DA:540,0
DA:541,0
DA:545,0
DA:546,0
DA:547,0
DA:548,0
DA:550,0
DA:556,0
DA:559,0
DA:560,0
DA:561,0
DA:565,0
DA:566,0
DA:567,0
DA:568,0
DA:573,33
DA:596,0
DA:603,1
DA:610,0
DA:645,1
DA:676,0
DA:691,0
DA:694,0
DA:708,0
DA:725,0
DA:731,0
DA:732,0
DA:737,0
DA:754,0
DA:760,0
DA:761,0
DA:766,0
DA:785,0
DA:808,0
DA:815,0
DA:959,15
LF:285
LH:77
BRDA:113,0,0,3
BRDA:113,0,1,16
BRDA:115,1,0,0
BRDA:115,1,1,0
BRDA:123,2,0,0
BRDA:123,2,1,16
BRDA:128,3,0,3
BRDA:128,3,1,13
BRDA:135,4,0,3
BRDA:135,4,1,16
BRDA:143,5,0,6
BRDA:143,5,1,0
BRDA:157,6,0,5
BRDA:157,6,1,0
BRDA:174,7,0,1
BRDA:174,7,1,0
BRDA:206,8,0,13
BRDA:206,8,1,0
BRDA:210,9,0,0
BRDA:210,9,1,13
BRDA:231,10,0,0
BRDA:231,10,1,3
BRDA:231,11,0,3
BRDA:231,11,1,3
BRDA:252,12,0,0
BRDA:252,12,1,0
BRDA:271,13,0,0
BRDA:271,13,1,0
BRDA:272,14,0,0
BRDA:272,14,1,0
BRDA:283,15,0,0
BRDA:283,15,1,0
BRDA:298,16,0,0
BRDA:298,16,1,0
BRDA:298,17,0,0
BRDA:298,17,1,0
BRDA:301,18,0,0
BRDA:301,18,1,0
BRDA:303,19,0,0
BRDA:303,19,1,0
BRDA:304,20,0,0
BRDA:304,20,1,0
BRDA:308,21,0,0
BRDA:308,21,1,0
BRDA:309,22,0,0
BRDA:309,22,1,0
BRDA:321,23,0,0
BRDA:321,23,1,0
BRDA:336,24,0,0
BRDA:336,24,1,0
BRDA:356,25,0,0
BRDA:356,25,1,0
BRDA:358,26,0,0
BRDA:358,26,1,0
BRDA:369,27,0,0
BRDA:369,27,1,0
BRDA:370,28,0,0
BRDA:370,28,1,0
BRDA:370,29,0,0
BRDA:370,29,1,0
BRDA:379,30,0,0
BRDA:379,30,1,0
BRDA:382,31,0,0
BRDA:382,31,1,0
BRDA:384,32,0,0
BRDA:384,32,1,0
BRDA:385,33,0,0
BRDA:385,33,1,0
BRDA:394,34,0,0
BRDA:394,34,1,0
BRDA:395,35,0,0
BRDA:395,35,1,0
BRDA:395,36,0,0
BRDA:395,36,1,0
BRDA:402,37,0,0
BRDA:402,37,1,0
BRDA:402,38,0,0
BRDA:402,38,1,0
BRDA:413,39,0,0
BRDA:413,39,1,0
BRDA:413,40,0,0
BRDA:413,40,1,0
BRDA:422,41,0,0
BRDA:422,41,1,0
BRDA:426,42,0,0
BRDA:426,42,1,0
BRDA:445,43,0,0
BRDA:445,43,1,0
BRDA:469,44,0,0
BRDA:469,44,1,0
BRDA:472,45,0,0
BRDA:472,45,1,0
BRDA:475,46,0,0
BRDA:475,46,1,0
BRDA:477,47,0,0
BRDA:477,47,1,0
BRDA:479,48,0,0
BRDA:479,48,1,0
BRDA:481,49,0,0
BRDA:481,49,1,0
BRDA:483,50,0,0
BRDA:483,50,1,0
BRDA:484,51,0,0
BRDA:484,51,1,0
BRDA:486,52,0,0
BRDA:486,52,1,0
BRDA:489,53,0,0
BRDA:489,53,1,0
BRDA:491,54,0,0
BRDA:491,54,1,0
BRDA:500,55,0,0
BRDA:500,55,1,0
BRDA:502,56,0,0
BRDA:502,56,1,0
BRDA:504,57,0,0
BRDA:504,57,1,0
BRDA:508,58,0,0
BRDA:508,58,1,0
BRDA:540,59,0,0
BRDA:540,59,1,0
BRDA:559,60,0,0
BRDA:559,60,1,0
BRDA:566,61,0,0
BRDA:566,61,1,0
BRDA:597,62,0,32
BRDA:597,62,1,1
BRDA:604,63,0,1
BRDA:604,63,1,32
BRDA:611,64,0,0
BRDA:611,64,1,33
BRDA:618,65,0,21
BRDA:618,65,1,12
BRDA:622,66,0,20
BRDA:622,66,1,1
BRDA:626,67,0,20
BRDA:626,67,1,1
BRDA:629,68,0,20
BRDA:629,68,1,1
BRDA:651,69,0,33
BRDA:651,69,1,12
BRDA:658,70,0,0
BRDA:658,70,1,12
BRDA:661,71,0,12
BRDA:661,71,1,0
BRDA:667,72,0,0
BRDA:667,72,1,33
BRDA:682,73,0,33
BRDA:682,73,1,33
BRDA:694,74,0,0
BRDA:694,74,1,0
BRDA:705,75,0,33
BRDA:705,75,1,0
BRDA:718,76,0,33
BRDA:718,76,1,0
BRDA:731,77,0,0
BRDA:731,77,1,0
BRDA:732,78,0,0
BRDA:732,78,1,0
BRDA:747,79,0,33
BRDA:747,79,1,0
BRDA:760,80,0,0
BRDA:760,80,1,0
BRDA:761,81,0,0
BRDA:761,81,1,0
BRDA:786,82,0,0
BRDA:786,82,1,33
BRDA:795,83,0,33
BRDA:795,83,1,13
BRDA:809,84,0,33
BRDA:809,84,1,0
BRDA:816,85,0,0
BRDA:816,85,1,33
BRDA:823,86,0,33
BRDA:823,86,1,0
BRDA:831,87,0,33
BRDA:831,87,1,30
BRDA:831,87,2,9
BRDA:833,88,0,3
BRDA:833,88,1,30
BRDA:838,89,0,3
BRDA:838,89,1,30
BRDA:853,90,0,33
BRDA:853,90,1,30
BRDA:853,90,2,9
BRDA:855,91,0,3
BRDA:855,91,1,30
BRDA:860,92,0,0
BRDA:860,92,1,33
BRDA:860,93,0,33
BRDA:860,93,1,33
BRDA:860,93,2,33
BRDA:875,94,0,33
BRDA:875,94,1,4
BRDA:908,95,0,3
BRDA:908,95,1,30
BRDA:908,96,0,33
BRDA:908,96,1,33
BRDA:912,97,0,0
BRDA:912,97,1,33
BRDA:913,98,0,33
BRDA:913,98,1,0
BRDA:919,99,0,0
BRDA:919,99,1,33
BRDA:923,100,0,0
BRDA:923,100,1,33
BRDA:924,101,0,33
BRDA:924,101,1,0
BRDA:925,102,0,33
BRDA:925,102,1,0
BRDA:931,103,0,0
BRDA:931,103,1,33
BRDA:935,104,0,0
BRDA:935,104,1,33
BRDA:936,105,0,33
BRDA:936,105,1,0
BRDA:943,106,0,33
BRDA:943,106,1,3
BRDA:949,107,0,33
BRDA:949,107,1,33
BRDA:949,107,2,30
BRDA:949,107,3,9
BRDA:954,108,0,0
BRDA:954,108,1,9
BRDA:955,109,0,0
BRDA:955,109,1,9
BRF:225
BRH:83
end_of_record
TN:
SF:src/pages/Organize.tsx
FN:3,Organize
FNF:1
FNH:1
FNDA:1,Organize
DA:4,1
LF:1
LH:1
BRF:0
BRH:0
end_of_record
TN:
SF:src/pages/Settings.tsx
FN:26,Settings
FN:45,(anonymous_1)
FN:50,(anonymous_2)
FN:61,(anonymous_3)
FN:74,(anonymous_4)
FN:81,(anonymous_5)
FN:82,(anonymous_6)
FN:175,(anonymous_7)
FN:183,(anonymous_8)
FN:190,(anonymous_9)
FN:191,(anonymous_10)
FN:194,(anonymous_11)
FN:210,(anonymous_12)
FN:221,(anonymous_13)
FN:282,(anonymous_14)
FN:321,(anonymous_15)
FN:360,(anonymous_16)
FN:393,(anonymous_17)
FN:425,(anonymous_18)
FN:439,(anonymous_19)
FN:493,(anonymous_20)
FN:496,(anonymous_21)
FN:519,(anonymous_22)
FN:543,(anonymous_23)
FN:546,(anonymous_24)
FN:569,(anonymous_25)
FN:595,(anonymous_26)
FNF:27
FNH:11
FNDA:49,Settings
FNDA:10,(anonymous_1)
FNDA:10,(anonymous_2)
FNDA:10,(anonymous_3)
FNDA:4,(anonymous_4)
FNDA:10,(anonymous_5)
FNDA:10,(anonymous_6)
FNDA:0,(anonymous_7)
FNDA:0,(anonymous_8)
FNDA:23,(anonymous_9)
FNDA:23,(anonymous_10)
FNDA:1,(anonymous_11)
FNDA:0,(anonymous_12)
FNDA:0,(anonymous_13)
FNDA:0,(anonymous_14)
FNDA:0,(anonymous_15)
FNDA:0,(anonymous_16)
FNDA:0,(anonymous_17)
FNDA:23,(anonymous_18)
FNDA:0,(anonymous_19)
FNDA:0,(anonymous_20)
FNDA:0,(anonymous_21)
FNDA:0,(anonymous_22)
FNDA:0,(anonymous_23)
FNDA:0,(anonymous_24)
FNDA:0,(anonymous_25)
FNDA:0,(anonymous_26)
DA:27,49
DA:34,49
DA:41,49
DA:42,49
DA:43,49
DA:45,49
DA:46,10
DA:47,10
DA:50,49
DA:51,10
DA:53,10
DA:54,10
DA:55,10
DA:57,0
DA:61,49
DA:62,10
DA:63,10
DA:65,10
DA:66,10
DA:67,10
DA:68,50
DA:69,50
DA:70,45
DA:73,10
DA:74,9
DA:77,0
DA:81,49
DA:82,10
DA:83,10
DA:84,10
DA:85,10
DA:86,10
DA:89,10
DA:90,0
DA:91,0
DA:92,0
DA:93,0
DA:94,0
DA:95,0
DA:98,0
DA:103,10
DA:104,10
DA:105,20
DA:106,10
DA:107,10
DA:108,10
DA:109,10
DA:110,10
DA:111,10
DA:114,0
DA:120,10
DA:121,0
DA:122,0
DA:123,0
DA:124,0
DA:125,0
DA:126,0
DA:129,0
DA:134,10
DA:135,10
DA:136,10
DA:137,10
DA:138,10
DA:139,10
DA:140,10
DA:141,10
DA:144,0
DA:149,10
DA:150,0
DA:151,0
DA:152,0
DA:153,0
DA:154,0
DA:155,0
DA:156,0
DA:157,0
DA:158,0
DA:161,0
DA:166,10
DA:175,49
DA:176,0
DA:177,0
DA:182,0
DA:183,0
DA:186,0
DA:190,49
DA:191,23
DA:194,49
DA:195,1
DA:196,1
DA:197,0
DA:198,0
DA:201,1
DA:202,1
DA:203,1
DA:205,1
DA:206,5
DA:208,1
DA:209,1
DA:210,1
DA:212,0
DA:213,0
DA:215,1
DA:219,49
DA:221,49
DA:222,0
DA:223,0
DA:224,0
DA:227,0
DA:229,0
DA:230,0
DA:234,0
DA:236,0
DA:240,49
DA:282,0
DA:321,0
DA:360,0
DA:393,0
DA:425,23
DA:439,0
DA:493,0
DA:497,0
DA:498,0
DA:506,0
DA:507,0
DA:510,0
DA:519,0
DA:543,0
DA:547,0
DA:548,0
DA:556,0
DA:557,0
DA:560,0
DA:569,0
DA:595,0
LF:135
LH:70
BRDA:63,0,0,0
BRDA:63,0,1,10
BRDA:69,1,0,45
BRDA:69,1,1,5
BRDA:69,2,0,50
BRDA:69,2,1,45
BRDA:73,3,0,9
BRDA:73,3,1,1
BRDA:89,4,0,0
BRDA:89,4,1,10
BRDA:93,5,0,0
BRDA:93,5,1,0
BRDA:103,6,0,10
BRDA:103,6,1,0
BRDA:105,7,0,10
BRDA:105,7,1,10
BRDA:109,8,0,10
BRDA:109,8,1,0
BRDA:120,9,0,0
BRDA:120,9,1,10
BRDA:124,10,0,0
BRDA:124,10,1,0
BRDA:134,11,0,10
BRDA:134,11,1,0
BRDA:139,12,0,10
BRDA:139,12,1,0
BRDA:149,13,0,0
BRDA:149,13,1,10
BRDA:151,14,0,0
BRDA:151,14,1,0
BRDA:156,15,0,0
BRDA:156,15,1,0
BRDA:182,16,0,0
BRDA:182,16,1,0
BRDA:196,17,0,0
BRDA:196,17,1,1
BRDA:222,18,0,0
BRDA:222,18,1,0
BRDA:222,19,0,0
BRDA:222,19,1,0
BRDA:267,20,0,20
BRDA:267,20,1,29
BRDA:293,21,0,20
BRDA:293,21,1,29
BRDA:295,22,0,29
BRDA:295,22,1,0
BRDA:299,23,0,0
BRDA:299,23,1,29
BRDA:314,24,0,29
BRDA:314,24,1,20
BRDA:315,25,0,29
BRDA:315,25,1,20
BRDA:329,26,0,29
BRDA:329,26,1,20
BRDA:336,27,0,20
BRDA:336,27,1,29
BRDA:338,28,0,29
BRDA:338,28,1,0
BRDA:342,29,0,0
BRDA:342,29,1,29
BRDA:343,30,0,29
BRDA:343,30,1,0
BRDA:355,31,0,49
BRDA:355,31,1,20
BRDA:355,31,2,0
BRDA:453,32,0,0
BRDA:453,32,1,49
BRDA:456,33,0,49
BRDA:456,33,1,0
BRDA:456,33,2,0
BRDA:457,34,0,0
BRDA:457,34,1,0
BRDA:458,35,0,0
BRDA:458,35,1,0
BRDA:502,36,0,0
BRDA:502,36,1,0
BRDA:506,37,0,0
BRDA:506,37,1,0
BRDA:517,38,0,49
BRDA:517,38,1,0
BRDA:552,39,0,0
BRDA:552,39,1,0
BRDA:556,40,0,0
BRDA:556,40,1,0
BRDA:567,41,0,49
BRDA:567,41,1,0
BRDA:589,42,0,49
BRDA:589,42,1,1
BRDA:590,43,0,1
BRDA:590,43,1,0
BRDA:605,44,0,1
BRDA:605,44,1,48
BRF:92
BRH:45
end_of_record
TN:
SF:src/pages/Sync.tsx
FN:4,Sync
FN:87,(anonymous_1)
FNF:2
FNH:2
FNDA:4,Sync
FNDA:2,(anonymous_1)
DA:5,4
DA:7,4
DA:87,2
LF:3
LH:3
BRF:0
BRH:0
end_of_record
